\BOOKMARK [0][-]{section*.2}{\376\377\000C\000a\000l\000c\000u\000l\000a\000d\000o\000r\000a\000\040\000G\000e\000n\000e\000r\000a\000l\000\040\000d\000e\000\040\000A\000n\000c\000h\000o\000s\000\040\000E\000q\000u\000i\000v\000a\000l\000e\000n\000t\000e\000s}{}% 2
\BOOKMARK [1][-]{section*.1}{\376\377\000R\000e\000s\000u\000m\000e\000n}{section*.2}% 1
\BOOKMARK [1][-]{section*.3}{\376\377\000I\000n\000t\000r\000o\000d\000u\000c\000c\000i\000\363\000n}{section*.2}% 3
\BOOKMARK [1][-]{section*.4}{\376\377\000M\000a\000r\000c\000o\000\040\000T\000e\000\363\000r\000i\000c\000o}{section*.2}% 4
\BOOKMARK [1][-]{section*.5}{\376\377\000M\000e\000t\000o\000d\000o\000l\000o\000g\000\355\000a}{section*.2}% 5
\BOOKMARK [2][-]{section*.6}{\376\377\000F\000l\000u\000j\000o\000\040\000d\000e\000l\000\040\000U\000s\000u\000a\000r\000i\000o}{section*.5}% 6
\BOOKMARK [2][-]{section*.7}{\376\377\000M\000o\000d\000e\000l\000o\000\040\000d\000e\000\040\000C\000l\000a\000s\000e\000s}{section*.5}% 7
\BOOKMARK [2][-]{section*.8}{\376\377\000A\000l\000g\000o\000r\000i\000t\000m\000o\000s}{section*.5}% 8
\BOOKMARK [3][-]{section*.9}{\376\377\000L\000\355\000m\000i\000t\000e\000s\000\040\000E\000x\000p\000l\000\355\000c\000i\000t\000o\000s}{section*.8}% 9
\BOOKMARK [3][-]{section*.10}{\376\377\000M\000\351\000t\000o\000d\000o\000\040\000d\000e\000\040\000S\000i\000m\000e\000t\000r\000\355\000a}{section*.8}% 10
\BOOKMARK [3][-]{section*.11}{\376\377\000M\000\351\000t\000o\000d\000o\000\040\000d\000e\000\040\000S\000i\000m\000e\000t\000r\000\355\000a}{section*.8}% 11
\BOOKMARK [1][-]{section*.12}{\376\377\000A\000n\000\341\000l\000i\000s\000i\000s\000\040\000d\000e\000\040\000D\000a\000t\000o\000s\000\040\000y\000\040\000R\000e\000s\000u\000l\000t\000a\000d\000o\000s}{section*.2}% 12
\BOOKMARK [1][-]{section*.13}{\376\377\000C\000o\000n\000c\000l\000u\000s\000i\000o\000n\000e\000s}{section*.2}% 13
\BOOKMARK [1][-]{section*.14}{\376\377\000R\000e\000f\000e\000r\000e\000n\000c\000i\000a\000s}{section*.2}% 14
\BOOKMARK [1][-]{section*.15}{\376\377\000A\000p\000\351\000n\000d\000i\000c\000e\000:\000\040\000I\000m\000\341\000g\000e\000n\000e\000s\000\040\000A\000u\000x\000i\000l\000i\000a\000r\000e\000s}{section*.2}% 15
\BOOKMARK [1][-]{section*.16}{\376\377\000A\000p\000\351\000n\000d\000i\000c\000e\000:\000\040\000I\000n\000p\000u\000t\000s\000\040\000N\000e\000c\000e\000s\000a\000r\000i\000o\000s\000\040\000d\000e\000\040\000P\000a\000r\000t\000e\000\040\000d\000e\000l\000\040\000U\000s\000u\000a\000r\000i\000o}{section*.2}% 16
\BOOKMARK [2][-]{section*.17}{\376\377\000P\000a\000r\000\341\000m\000e\000t\000r\000o\000s\000\040\000d\000e\000\040\000I\000n\000s\000t\000a\000n\000c\000i\000a\000c\000i\000\363\000n}{section*.16}% 17
\BOOKMARK [2][-]{section*.18}{\376\377\000W\000i\000d\000g\000e\000t\000s\000\040\000d\000e\000\040\000E\000n\000t\000r\000a\000d\000a\000\040\000d\000e\000\040\000U\000s\000u\000a\000r\000i\000o}{section*.16}% 18
\BOOKMARK [2][-]{section*.19}{\376\377\000B\000o\000t\000\363\000n\000\040\000d\000e\000\040\000A\000c\000c\000i\000\363\000n}{section*.16}% 19
\BOOKMARK [1][-]{section*.20}{\376\377\000A\000p\000\351\000n\000d\000i\000c\000e\000:\000\040\000D\000i\000a\000g\000r\000a\000m\000a\000s\000\040\000d\000e\000l\000\040\000M\000\351\000t\000o\000d\000o\000\040\000d\000e\000\040\000S\000i\000m\000e\000t\000r\000\355\000a}{section*.2}% 20
\BOOKMARK [2][-]{section*.21}{\376\377\000D\000i\000a\000g\000r\000a\000m\000a\000\040\000P\000r\000i\000n\000c\000i\000p\000a\000l\000\040\000d\000e\000l\000\040\000M\000\351\000t\000o\000d\000o\000\040\000c\000a\000l\000c\000u\000l\000a\000t\000e\000\050\000\051}{section*.20}% 21
\BOOKMARK [2][-]{section*.22}{\376\377\000M\000\351\000t\000o\000d\000o\000\040\000e\000x\000p\000a\000n\000d\000\050\000\051\000\040\000d\000e\000\040\000l\000a\000\040\000C\000l\000a\000s\000e\000\040\000P\000e\000a\000k}{section*.20}% 22
\BOOKMARK [2][-]{section*.23}{\376\377\000M\000\351\000t\000o\000d\000o\000\040\000c\000a\000l\000c\000u\000l\000a\000t\000e\000\137\000a\000r\000e\000a\000\050\000\051\000\040\000d\000e\000\040\000l\000a\000\040\000C\000l\000a\000s\000e\000\040\000P\000e\000a\000k}{section*.20}% 23
\BOOKMARK [2][-]{section*.24}{\376\377\000F\000u\000n\000c\000i\000\363\000n\000\040\000c\000a\000l\000c\000u\000l\000a\000t\000e\000\137\000s\000e\000g\000m\000e\000n\000t\000\137\000a\000r\000e\000a\000\050\000\051}{section*.20}% 24
\BOOKMARK [2][-]{section*.25}{\376\377\000F\000l\000u\000j\000o\000\040\000G\000e\000n\000e\000r\000a\000l\000\040\000d\000e\000\040\000D\000e\000t\000e\000c\000c\000i\000\363\000n\000\040\000d\000e\000\040\000P\000i\000c\000o\000s}{section*.20}% 25
\BOOKMARK [1][-]{section*.26}{\376\377\000A\000p\000\351\000n\000d\000i\000c\000e\000:\000\040\000R\000e\000s\000u\000l\000t\000a\000d\000o\000s}{section*.2}% 26
