\BOOKMARK [1][-]{section.1}{\376\377\000P\000.\0002}{}% 1
\BOOKMARK [2][-]{subsection.1.1}{\376\377\000a}{section.1}% 2
\BOOKMARK [2][-]{subsection.1.2}{\376\377\000b}{section.1}% 3
\BOOKMARK [1][-]{section.2}{\376\377\000P\000.\0004}{}% 4
\BOOKMARK [2][-]{subsection.2.1}{\376\377\000a}{section.2}% 5
\BOOKMARK [2][-]{subsection.2.2}{\376\377\000c}{section.2}% 6
\BOOKMARK [1][-]{section.3}{\376\377\000P\000.\0005}{}% 7
\BOOKMARK [2][-]{subsection.3.1}{\376\377\000a}{section.3}% 8
\BOOKMARK [2][-]{subsection.3.2}{\376\377\000b}{section.3}% 9
\BOOKMARK [1][-]{section.4}{\376\377\000P\000.\0007}{}% 10
\BOOKMARK [2][-]{subsection.4.1}{\376\377\000a}{section.4}% 11
\BOOKMARK [2][-]{subsection.4.2}{\376\377\000b}{section.4}% 12
\BOOKMARK [2][-]{subsection.4.3}{\376\377\000c}{section.4}% 13
\BOOKMARK [2][-]{subsection.4.4}{\376\377\000d}{section.4}% 14
\BOOKMARK [1][-]{section.5}{\376\377\000P\000.\0001\0003}{}% 15
\BOOKMARK [2][-]{subsection.5.1}{\376\377\000C\000a\000l\000c\000u\000l\000u\000s}{section.5}% 16
\BOOKMARK [2][-]{subsection.5.2}{\376\377\000C\000h\000e\000c\000k\000s}{section.5}% 17
\BOOKMARK [1][-]{section.6}{\376\377\000P\000.\0002\0001}{}% 18
\BOOKMARK [2][-]{subsection.6.1}{\376\377\000a}{section.6}% 19
\BOOKMARK [2][-]{subsection.6.2}{\376\377\000b}{section.6}% 20
\BOOKMARK [2][-]{subsection.6.3}{\376\377\000c}{section.6}% 21
\BOOKMARK [1][-]{section.7}{\376\377\000O\000c\000t\000a\000v\000e\000\040\000f\000o\000r\000\040\000f\000u\000n}{}% 22
\BOOKMARK [2][-]{subsection.7.1}{\376\377\000P\000.\0002}{section.7}% 23
\BOOKMARK [3][-]{subsubsection.7.1.1}{\376\377\000a}{subsection.7.1}% 24
\BOOKMARK [3][-]{subsubsection.7.1.2}{\376\377\000b}{subsection.7.1}% 25
\BOOKMARK [2][-]{subsection.7.2}{\376\377\000P\000.\0004}{section.7}% 26
\BOOKMARK [3][-]{subsubsection.7.2.1}{\376\377\000a}{subsection.7.2}% 27
\BOOKMARK [3][-]{subsubsection.7.2.2}{\376\377\000c}{subsection.7.2}% 28
\BOOKMARK [2][-]{subsection.7.3}{\376\377\000P\000.\0005}{section.7}% 29
\BOOKMARK [3][-]{subsubsection.7.3.1}{\376\377\000a}{subsection.7.3}% 30
\BOOKMARK [3][-]{subsubsection.7.3.2}{\376\377\000b}{subsection.7.3}% 31
\BOOKMARK [2][-]{subsection.7.4}{\376\377\000P\000.\0007}{section.7}% 32
\BOOKMARK [2][-]{subsection.7.5}{\376\377\000P\000.\0001\0003}{section.7}% 33
\BOOKMARK [2][-]{subsection.7.6}{\376\377\000P\000.\0002\0001}{section.7}% 34
\BOOKMARK [2][-]{subsection.7.7}{\376\377\000c\000o\000d\000e}{section.7}% 35
