\BOOKMARK [1][-]{section.1}{\376\377\0001\000.\000\040}{}% 1
\BOOKMARK [1][-]{section.2}{\376\377\0002\000.\000\040}{}% 2
\BOOKMARK [2][-]{subsection.2.1}{\376\377\0002\000.\0001\000.\000\040\000P\0002\000\040\000=\000\040\000P}{section.2}% 3
\BOOKMARK [2][-]{subsection.2.2}{\376\377\0002\000.\0002\000.\000\040\000P\000*\000\040\000=\000\040\000P}{section.2}% 4
\BOOKMARK [2][-]{subsection.2.3}{\376\377\0002\000.\0003\000.\000\040\000M\000u\000l\000t\000i\000p\000l\000i\000c\000i\000d\000a\000d\000\040\000m}{section.2}% 5
\BOOKMARK [2][-]{subsection.2.4}{\376\377\0002\000.\0004\000.\000\040\000c\000a\000r\000a\000c\000t\000e\000r\000i\000s\000t\000i\000c\000a\000s\000\040\000P\000k\000k\000\050\000\051}{section.2}% 6
\BOOKMARK [1][-]{section.3}{\376\377\0003\000.\000\040}{}% 7
\BOOKMARK [1][-]{section.4}{\376\377\0004\000.\000\040}{}% 8
\BOOKMARK [1][-]{section.5}{\376\377\0005\000.\000\040}{}% 9
\BOOKMARK [1][-]{section.6}{\376\377\0006\000.\000\040}{}% 10
\BOOKMARK [1][-]{section.7}{\376\377\0007\000.\000\040}{}% 11
\BOOKMARK [1][-]{section.8}{\376\377\0008\000.\000\040}{}% 12
\BOOKMARK [1][-]{section.9}{\376\377\0009\000.\000\040}{}% 13
\BOOKMARK [1][-]{section.10}{\376\377\0001\0000\000.\000\040}{}% 14
\BOOKMARK [1][-]{section.11}{\376\377\0001\0001\000.\000\040}{}% 15
\BOOKMARK [1][-]{section.12}{\376\377\0001\0002\000.\000\040}{}% 16
\BOOKMARK [2][-]{subsection.12.1}{\376\377\0001\0002\000.\0001\000.\000\040\000E\000P\000\040\000=\000\040\000P\000E\000\040\000=\000\040\000E}{section.12}% 17
\BOOKMARK [2][-]{subsection.12.2}{\376\377\0001\0002\000.\0002\000.\000\040\000\050\000P\000\040\000-\000\040\000E\000\051\000\040\000e\000s\000\040\000u\000n\000a\000\040\000p\000r\000o\000y\000e\000c\000c\000i\000\363\000n}{section.12}% 18
\BOOKMARK [1][-]{section.13}{\376\377\0001\0003\000.\000\040\000A\000n\000e\000x\000o\000s}{}% 19
\BOOKMARK [2][-]{subsection.13.1}{\376\377\0001\0003\000.\0001\000.\000\040\000C\000a\000r\000a\000c\000t\000e\000r\000e\000s\000\040\000r\000e\000p\000r\000e\000s\000e\000n\000t\000a\000c\000i\000\363\000n\000\040\000v\000e\000c\000t\000o\000r\000i\000a\000l}{section.13}% 20
